<?xml version="1.0" encoding="UTF-8"?>
<testng-results ignored="0" total="2" passed="2" failed="0" skipped="0">
  <reporter-output>
  </reporter-output>
  <suite started-at="2024-12-10T07:25:29 IST" name="Suite" finished-at="2024-12-10T07:25:49 IST" duration-ms="20634">
    <groups>
    </groups>
    <test started-at="2024-12-10T07:25:29 IST" name="Test" finished-at="2024-12-10T07:25:49 IST" duration-ms="20634">
      <class name="com.OrangeHRM.RunnerScripts.SmokeTC01">
        <test-method is-config="true" signature="BrowserSetup(java.lang.String)[pri:0, instance:com.OrangeHRM.RunnerScripts.SmokeTC01@5b7a5baa]" started-at="2024-12-10T07:25:29 IST" name="BrowserSetup" finished-at="2024-12-10T07:25:30 IST" duration-ms="1223" status="PASS">
          <params>
            <param index="0">
              <value>
                <![CDATA[chrome]]>
              </value>
            </param>
          </params>
          <reporter-output>
          </reporter-output>
        </test-method> <!-- BrowserSetup -->
        <test-method is-config="true" signature="LaunchApplication(java.lang.String)[pri:0, instance:com.OrangeHRM.RunnerScripts.SmokeTC01@5b7a5baa]" started-at="2024-12-10T07:25:30 IST" name="LaunchApplication" finished-at="2024-12-10T07:25:39 IST" duration-ms="8556" status="PASS">
          <params>
            <param index="0">
              <value>
                <![CDATA[chrome]]>
              </value>
            </param>
          </params>
          <reporter-output>
          </reporter-output>
        </test-method> <!-- LaunchApplication -->
        <test-method signature="CheckAdminDashboard()[pri:0, instance:com.OrangeHRM.RunnerScripts.SmokeTC01@5b7a5baa]" started-at="2024-12-10T07:25:39 IST" name="CheckAdminDashboard" finished-at="2024-12-10T07:25:39 IST" duration-ms="63" status="PASS">
          <reporter-output>
          </reporter-output>
        </test-method> <!-- CheckAdminDashboard -->
        <test-method is-config="true" signature="CloseApplication(org.testng.ITestResult)[pri:0, instance:com.OrangeHRM.RunnerScripts.SmokeTC01@5b7a5baa]" started-at="2024-12-10T07:25:39 IST" name="CloseApplication" finished-at="2024-12-10T07:25:40 IST" duration-ms="1312" status="PASS">
          <params>
            <param index="0">
              <value>
                <![CDATA[[TestResult name=CheckAdminDashboard status=SUCCESS method=SmokeTC01.CheckAdminDashboard()[pri:0, instance:com.OrangeHRM.RunnerScripts.SmokeTC01@5b7a5baa] output={null}]]]>
              </value>
            </param>
          </params>
          <reporter-output>
          </reporter-output>
        </test-method> <!-- CloseApplication -->
        <test-method is-config="true" signature="LaunchApplication(java.lang.String)[pri:0, instance:com.OrangeHRM.RunnerScripts.SmokeTC01@5b7a5baa]" started-at="2024-12-10T07:25:40 IST" name="LaunchApplication" finished-at="2024-12-10T07:25:47 IST" duration-ms="6438" status="PASS">
          <params>
            <param index="0">
              <value>
                <![CDATA[chrome]]>
              </value>
            </param>
          </params>
          <reporter-output>
          </reporter-output>
        </test-method> <!-- LaunchApplication -->
        <test-method signature="CheckPIMPage()[pri:0, instance:com.OrangeHRM.RunnerScripts.SmokeTC01@5b7a5baa]" started-at="2024-12-10T07:25:47 IST" name="CheckPIMPage" finished-at="2024-12-10T07:25:48 IST" duration-ms="1357" status="PASS">
          <reporter-output>
          </reporter-output>
        </test-method> <!-- CheckPIMPage -->
        <test-method is-config="true" signature="CloseApplication(org.testng.ITestResult)[pri:0, instance:com.OrangeHRM.RunnerScripts.SmokeTC01@5b7a5baa]" started-at="2024-12-10T07:25:48 IST" name="CloseApplication" finished-at="2024-12-10T07:25:49 IST" duration-ms="1091" status="PASS">
          <params>
            <param index="0">
              <value>
                <![CDATA[[TestResult name=CheckPIMPage status=SUCCESS method=SmokeTC01.CheckPIMPage()[pri:0, instance:com.OrangeHRM.RunnerScripts.SmokeTC01@5b7a5baa] output={null}]]]>
              </value>
            </param>
          </params>
          <reporter-output>
          </reporter-output>
        </test-method> <!-- CloseApplication -->
        <test-method is-config="true" signature="TearDown()[pri:0, instance:com.OrangeHRM.RunnerScripts.SmokeTC01@5b7a5baa]" started-at="2024-12-10T07:25:49 IST" name="TearDown" finished-at="2024-12-10T07:25:49 IST" duration-ms="0" status="PASS">
          <reporter-output>
          </reporter-output>
        </test-method> <!-- TearDown -->
      </class> <!-- com.OrangeHRM.RunnerScripts.SmokeTC01 -->
    </test> <!-- Test -->
  </suite> <!-- Suite -->
</testng-results>
